<?xml version="1.0" encoding="UTF-8"?>
<!-- Generated by org.testng.reporters.JUnitReportReporter -->
<testsuite hostname="DESKTOP-J4AIQTK" failures="0" tests="7" name="com.maven.Knila_Openmrs.Open_Mrs" time="108.037" errors="0" timestamp="2023-05-22T15:57:31 IST" skipped="1">
  <testcase classname="com.maven.Knila_Openmrs.Open_Mrs" name="browser_Launch" time="5.798"/>
  <system-out/>
  <testcase classname="com.maven.Knila_Openmrs.Open_Mrs" name="login" time="9.328"/>
  <system-out/>
  <testcase classname="com.maven.Knila_Openmrs.Open_Mrs" name="patient_Register" time="12.319"/>
  <system-out/>
  <testcase classname="com.maven.Knila_Openmrs.Open_Mrs" name="visit" time="51.073"/>
  <system-out/>
  <testcase classname="com.maven.Knila_Openmrs.Open_Mrs" name="capture_Vitals" time="24.384"/>
  <system-out/>
  <testcase classname="com.maven.Knila_Openmrs.Open_Mrs" name="addPastAndDeleteVisit" time="5.135"/>
  <system-out/>
  <testcase classname="com.maven.Knila_Openmrs.Open_Mrs" name="screenshot">
    <skipped/>
  </testcase> <!-- screenshot -->
  <system-out/>
</testsuite> <!-- com.maven.Knila_Openmrs.Open_Mrs -->
